bn0_mean
bn0_offset
bn0_scale
bn0_var
bn100_mean
bn100_offset
bn100_scale
bn100_var
bn101_mean
bn101_offset
bn101_scale
bn101_var
bn102_mean
bn102_offset
bn102_scale
bn102_var
bn103_mean
bn103_offset
bn103_scale
bn103_var
bn104_mean
bn104_offset
bn104_scale
bn104_var
bn10_mean
bn10_offset
bn10_scale
bn10_var
bn12_mean
bn12_offset
bn12_scale
bn12_var
bn13_mean
bn13_offset
bn13_scale
bn13_var
bn14_mean
bn14_offset
bn14_scale
bn14_var
bn16_mean
bn16_offset
bn16_scale
bn16_var
bn17_mean
bn17_offset
bn17_scale
bn17_var
bn19_mean
bn19_offset
bn19_scale
bn19_var
bn1_mean
bn1_offset
bn1_scale
bn1_var
bn20_mean
bn20_offset
bn20_scale
bn20_var
bn22_mean
bn22_offset
bn22_scale
bn22_var
bn23_mean
bn23_offset
bn23_scale
bn23_var
bn25_mean
bn25_offset
bn25_scale
bn25_var
bn26_mean
bn26_offset
bn26_scale
bn26_var
bn28_mean
bn28_offset
bn28_scale
bn28_var
bn29_mean
bn29_offset
bn29_scale
bn29_var
bn2_mean
bn2_offset
bn2_scale
bn2_var
bn31_mean
bn31_offset
bn31_scale
bn31_var
bn32_mean
bn32_offset
bn32_scale
bn32_var
bn34_mean
bn34_offset
bn34_scale
bn34_var
bn35_mean
bn35_offset
bn35_scale
bn35_var
bn37_mean
bn37_offset
bn37_scale
bn37_var
bn38_mean
bn38_offset
bn38_scale
bn38_var
bn39_mean
bn39_offset
bn39_scale
bn39_var
bn3_mean
bn3_offset
bn3_scale
bn3_var
bn41_mean
bn41_offset
bn41_scale
bn41_var
bn42_mean
bn42_offset
bn42_scale
bn42_var
bn44_mean
bn44_offset
bn44_scale
bn44_var
bn45_mean
bn45_offset
bn45_scale
bn45_var
bn47_mean
bn47_offset
bn47_scale
bn47_var
bn48_mean
bn48_offset
bn48_scale
bn48_var
bn50_mean
bn50_offset
bn50_scale
bn50_var
bn51_mean
bn51_offset
bn51_scale
bn51_var
bn53_mean
bn53_offset
bn53_scale
bn53_var
bn54_mean
bn54_offset
bn54_scale
bn54_var
bn56_mean
bn56_offset
bn56_scale
bn56_var
bn57_mean
bn57_offset
bn57_scale
bn57_var
bn59_mean
bn59_offset
bn59_scale
bn59_var
bn5_mean
bn5_offset
bn5_scale
bn5_var
bn60_mean
bn60_offset
bn60_scale
bn60_var
bn62_mean
bn62_offset
bn62_scale
bn62_var
bn63_mean
bn63_offset
bn63_scale
bn63_var
bn64_mean
bn64_offset
bn64_scale
bn64_var
bn66_mean
bn66_offset
bn66_scale
bn66_var
bn67_mean
bn67_offset
bn67_scale
bn67_var
bn69_mean
bn69_offset
bn69_scale
bn69_var
bn6_mean
bn6_offset
bn6_scale
bn6_var
bn70_mean
bn70_offset
bn70_scale
bn70_var
bn72_mean
bn72_offset
bn72_scale
bn72_var
bn73_mean
bn73_offset
bn73_scale
bn73_var
bn75_mean
bn75_offset
bn75_scale
bn75_var
bn76_mean
bn76_offset
bn76_scale
bn76_var
bn77_mean
bn77_offset
bn77_scale
bn77_var
bn78_mean
bn78_offset
bn78_scale
bn78_var
bn79_mean
bn79_offset
bn79_scale
bn79_var
bn7_mean
bn7_offset
bn7_scale
bn7_var
bn80_mean
bn80_offset
bn80_scale
bn80_var
bn84_mean
bn84_offset
bn84_scale
bn84_var
bn87_mean
bn87_offset
bn87_scale
bn87_var
bn88_mean
bn88_offset
bn88_scale
bn88_var
bn89_mean
bn89_offset
bn89_scale
bn89_var
bn90_mean
bn90_offset
bn90_scale
bn90_var
bn91_mean
bn91_offset
bn91_scale
bn91_var
bn92_mean
bn92_offset
bn92_scale
bn92_var
bn96_mean
bn96_offset
bn96_scale
bn96_var
bn99_mean
bn99_offset
bn99_scale
bn99_var
bn9_mean
bn9_offset
bn9_scale
bn9_var
conv0_weights
conv100_weights
conv101_weights
conv102_weights
conv103_weights
conv104_weights
conv105_bias
conv105_weights
conv10_weights
conv12_weights
conv13_weights
conv14_weights
conv16_weights
conv17_weights
conv19_weights
conv1_weights
conv20_weights
conv22_weights
conv23_weights
conv25_weights
conv26_weights
conv28_weights
conv29_weights
conv2_weights
conv31_weights
conv32_weights
conv34_weights
conv35_weights
conv37_weights
conv38_weights
conv39_weights
conv3_weights
conv41_weights
conv42_weights
conv44_weights
conv45_weights
conv47_weights
conv48_weights
conv50_weights
conv51_weights
conv53_weights
conv54_weights
conv56_weights
conv57_weights
conv59_weights
conv5_weights
conv60_weights
conv62_weights
conv63_weights
conv64_weights
conv66_weights
conv67_weights
conv69_weights
conv6_weights
conv70_weights
conv72_weights
conv73_weights
conv75_weights
conv76_weights
conv77_weights
conv78_weights
conv79_weights
conv7_weights
conv80_weights
conv81_bias
conv81_weights
conv84_weights
conv87_weights
conv88_weights
conv89_weights
conv90_weights
conv91_weights
conv92_weights
conv93_bias
conv93_weights
conv96_weights
conv99_weights
conv9_weights
list.log
