Snapshot 2000 saved, average loss: 172.78231601, average time: 1.69116896999                                                                              
Snapshot 4000 saved, average loss: 90.7552269268, average time: 1.72747287095                                                                             
Snapshot 6000 saved, average loss: 88.1748430691, average time: 1.62026813257                                                                             
Snapshot 8000 saved, average loss: 86.4828220062, average time: 1.721761747                                                                               
Snapshot 10000 saved, average loss: 85.1191679668, average time: 1.6199964025                                                                             
Snapshot 12000 saved, average loss: 83.9686413517, average time: 1.69927514696                                                                            
Snapshot 14000 saved, average loss: 83.0128027859, average time: 1.77430681098                                                                            
Snapshot 16000 saved, average loss: 82.3643205204, average time: 1.66093436253                                                                            
Snapshot 18000 saved, average loss: 81.8168647175, average time: 1.67415120804                                                                            
Snapshot 20000 saved, average loss: 81.2122767944, average time: 1.72993976152                                                                            
Snapshot 22000 saved, average loss: 80.7479846992, average time: 1.58830594349                                                                            
Snapshot 24000 saved, average loss: 80.7320738106, average time: 1.66409424341                                                                            
Snapshot 26000 saved, average loss: 80.0325621948, average time: 1.63556148601                                                                            
Snapshot 28000 saved, average loss: 79.6949498463, average time: 1.68206901801                                                                            
Snapshot 30000 saved, average loss: 79.4949790611, average time: 1.70258819556                                                                            
Snapshot 32000 saved, average loss: 79.3959022522, average time: 1.75363158047                                                                            
Snapshot 34000 saved, average loss: 79.335619709, average time: 1.688423455                                                                               
Snapshot 36000 saved, average loss: 79.0777595768, average time: 1.70685080695                                                                            
Snapshot 38000 saved, average loss: 78.6751548157, average time: 1.71323131859                                                                            
Snapshot 40000 saved, average loss: 78.5398655968, average time: 1.73448065746                                                                            
Snapshot 42000 saved, average loss: 78.4125211773, average time: 1.71851633644                                                                            
Snapshot 44000 saved, average loss: 78.2057088833, average time: 1.68324671304                                                                            
Snapshot 46000 saved, average loss: 77.8726080723, average time: 1.76918940651                                                                            
Snapshot 48000 saved, average loss: 78.122642271, average time: 1.72412510598                                                                             
Snapshot 50000 saved, average loss: 77.8354656601, average time: 1.58128830755                                                                            
Snapshot 52000 saved, average loss: 77.9283395271, average time: 1.70968642998                                                                            
Snapshot 54000 saved, average loss: 77.1638666878, average time: 1.63358373201                                                                            
Snapshot 56000 saved, average loss: 77.2601614094, average time: 1.68011059344                                                                            
Snapshot 58000 saved, average loss: 77.3235167313, average time: 1.69567422259                                                                            
Snapshot 60000 saved, average loss: 76.838461134, average time: 1.74222689593

Snapshot 62000 saved, average loss: 76.8320786991, average time: 1.64484827852                                                                            
Snapshot 64000 saved, average loss: 77.0515853443, average time: 1.74828501952                                                                            
Snapshot 66000 saved, average loss: 76.4582279835, average time: 1.72436991501                                                                            
Snapshot 68000 saved, average loss: 76.6086780777, average time: 1.85135967445                                                                            
Snapshot 70000 saved, average loss: 76.2549366684, average time: 1.65687304151                                                                            
Snapshot 72000 saved, average loss: 76.3502025146, average time: 1.72243542099                                                                            
Snapshot 74000 saved, average loss: 76.0931836739, average time: 1.64515497053                                                                            
Snapshot 76000 saved, average loss: 76.2093968487, average time: 1.63670817506                                                                            
Snapshot 78000 saved, average loss: 76.153770401, average time: 1.66339653397                                                                             
Snapshot 80000 saved, average loss: 76.0062162571, average time: 1.75912293148                                                                            
Snapshot 82000 saved, average loss: 76.208775835, average time: 1.73327932894                                                                             
Snapshot 84000 saved, average loss: 75.7818255444, average time: 1.670546839                                                                              
Snapshot 86000 saved, average loss: 76.0590705891, average time: 1.68427980804                                                                            
Snapshot 88000 saved, average loss: 75.7628525753, average time: 1.64617916501                                                                            
Snapshot 90000 saved, average loss: 75.8124353924, average time: 1.67047655797                                                                            
Snapshot 92000 saved, average loss: 75.6561888542, average time: 1.75066038907                                                                            
Snapshot 94000 saved, average loss: 76.2125221806, average time: 1.66641665792                                                                            
Snapshot 96000 saved, average loss: 75.4386271515, average time: 1.7356513871                                                                             
Snapshot 98000 saved, average loss: 75.2319625149, average time: 1.69273112643                                                                            
Snapshot 100000 saved, average loss: 75.2042800236, average time: 1.76856457102                                                                           
Snapshot 102000 saved, average loss: 75.3270627823, average time: 1.76167100346                                                                           
Snapshot 104000 saved, average loss: 75.6955657749, average time: 1.66551714957                                                                           
Snapshot 106000 saved, average loss: 75.3857026291, average time: 1.74416234791                                                                           
Snapshot 108000 saved, average loss: 74.9660098515, average time: 1.64269311059                                                                           
Snapshot 110000 saved, average loss: 74.8796575203, average time: 1.73681096292                                                                           
Snapshot 112000 saved, average loss: 75.5863776054, average time: 1.65771152103                                                                           
Snapshot 114000 saved, average loss: 75.0648207512, average time: 1.69749024355                                                                           
Snapshot 116000 saved, average loss: 75.1022320347, average time: 1.63221826148                                                                           
Snapshot 118000 saved, average loss: 75.2832002392, average time: 1.67705105996        

Snapshot 120000 saved, average loss: 74.5068622761, average time: 1.64725719702                                                                           
Snapshot 122000 saved, average loss: 74.7047968636, average time: 1.61807495153                                                                           
Snapshot 124000 saved, average loss: 74.9735133419, average time: 1.7932945925                                                                            
Snapshot 126000 saved, average loss: 74.901862915, average time: 1.61865668392                                                                            
Snapshot 128000 saved, average loss: 74.5999336262, average time: 1.63333946955                                                                           
Snapshot 130000 saved, average loss: 74.6573636951, average time: 1.850015432                                                                             
Snapshot 132000 saved, average loss: 74.727387949, average time: 1.63513667548                                                                            
Snapshot 134000 saved, average loss: 75.0861915302, average time: 1.6891845535                                                                            
Snapshot 136000 saved, average loss: 74.6684040413, average time: 1.77494930506                                                                           
Snapshot 138000 saved, average loss: 74.7389276695, average time: 1.78337891948                                                                           
Snapshot 140000 saved, average loss: 74.4778229618, average time: 1.81308164048                                                                           
Snapshot 142000 saved, average loss: 74.6955675983, average time: 1.62514739001                                                                           
Snapshot 144000 saved, average loss: 74.3550858059, average time: 1.63224040401                                                                           
Snapshot 146000 saved, average loss: 74.3263760643, average time: 1.64656027246                                                                           
Snapshot 148000 saved, average loss: 74.3240568485, average time: 1.68561802149                                                                           
Snapshot 150000 saved, average loss: 74.6086802158, average time: 1.64824077451                                                                           
Snapshot 152000 saved, average loss: 74.0692589149, average time: 1.72033851898                                                                           
Snapshot 154000 saved, average loss: 74.0751852703, average time: 1.63910580051                                                                           
Snapshot 156000 saved, average loss: 74.3487358894, average time: 1.75352070308                                                                           
Snapshot 158000 saved, average loss: 74.0247487049, average time: 1.67592970741                                                                           
Snapshot 160000 saved, average loss: 74.0981368465, average time: 1.61486808801                                                                           
Snapshot 162000 saved, average loss: 73.9471709824, average time: 1.66196794856                                                                           
Snapshot 164000 saved, average loss: 74.3353479328, average time: 1.74542510951                                                                           
Snapshot 166000 saved, average loss: 74.0181903229, average time: 1.74840997899                                                                           
Snapshot 168000 saved, average loss: 73.6171528816, average time: 1.73673805106                                                                           
Snapshot 170000 saved, average loss: 73.7078833179, average time: 1.70203570139                                                                           
Snapshot 172000 saved, average loss: 74.3606087112, average time: 1.7835844115                                                                            
Snapshot 174000 saved, average loss: 74.0610345745, average time: 1.623237275                                                                             
Snapshot 176000 saved, average loss: 74.0371464558, average time: 1.70488629603

Snapshot 180000 saved, average loss: 74.0270662289, average time: 1.59436908293                                                                           
Snapshot 182000 saved, average loss: 73.4357061234, average time: 1.74491433597                                                                           
Snapshot 184000 saved, average loss: 73.5123412495, average time: 1.76308756053                                                                           
Snapshot 186000 saved, average loss: 73.1296901989, average time: 1.82148531103                                                                           
Snapshot 188000 saved, average loss: 73.6355898952, average time: 1.66992336798                                                                           
Snapshot 190000 saved, average loss: 73.8299731445, average time: 1.72561529303                                                                           
Snapshot 192000 saved, average loss: 73.8866955376, average time: 1.57182242548                                                                           
Snapshot 194000 saved, average loss: 73.5005889702, average time: 1.60184089351                                                                           
Snapshot 196000 saved, average loss: 73.84562817, average time: 1.58418620944                                                                             
Snapshot 198000 saved, average loss: 73.5258574657, average time: 1.8163483125                                                                            
Snapshot 200000 saved, average loss: 73.5348775558, average time: 1.63929192007                                                                           
Snapshot 202000 saved, average loss: 73.3266576462, average time: 1.76907779551                                                                           
Snapshot 204000 saved, average loss: 73.6100299835, average time: 1.5976957165                                                                            
Snapshot 206000 saved, average loss: 73.7591278648, average time: 1.68403260648                                                                           
Snapshot 208000 saved, average loss: 73.4645877991, average time: 1.65197351098                                                                           
Snapshot 210000 saved, average loss: 73.5439599819, average time: 1.67465571654                                                                           
Snapshot 212000 saved, average loss: 73.3297839069, average time: 1.86572999549                                                                           
Snapshot 214000 saved, average loss: 73.4605571918, average time: 1.74918391299                                                                           
Snapshot 216000 saved, average loss: 73.4638248959, average time: 1.642261078                                                                             
Snapshot 218000 saved, average loss: 73.2352857323, average time: 1.67108742595                                                                           
Snapshot 220000 saved, average loss: 73.3198939133, average time: 1.68304066801                                                                           
Snapshot 222000 saved, average loss: 73.2031948624, average time: 1.73401784754                                                                           
Snapshot 224000 saved, average loss: 73.176580225, average time: 1.68741188896                                                                            
Snapshot 226000 saved, average loss: 73.3113052387, average time: 1.62196464705                                                                           
Snapshot 228000 saved, average loss: 73.1972705212, average time: 1.72464120352                                                                           
Snapshot 230000 saved, average loss: 73.2960195236, average time: 1.70993135297                                                                           
Snapshot 232000 saved, average loss: 73.0364985981, average time: 1.71894329798                                                                           
Snapshot 234000 saved, average loss: 73.1358260498, average time: 1.59176078153                                                                           
Snapshot 236000 saved, average loss: 73.1400985394, average time: 1.58708981705

Snapshot 238000 saved, average loss: 73.0164777203, average time: 1.72841187644                                                                           
Snapshot 240000 saved, average loss: 73.3094682274, average time: 1.59756014204                                                                           
Snapshot 242000 saved, average loss: 72.9564383183, average time: 1.68550747848                                                                           
Snapshot 244000 saved, average loss: 73.1963812084, average time: 1.73460613048                                                                           
Snapshot 246000 saved, average loss: 73.0383739014, average time: 1.78316327953                                                                           
Snapshot 248000 saved, average loss: 73.0655558281, average time: 1.73455980253                                                                           
Snapshot 250000 saved, average loss: 73.3723103466, average time: 1.85860972595                                                                           
Snapshot 252000 saved, average loss: 73.1960234318, average time: 1.67253315496                                                                           
Snapshot 254000 saved, average loss: 72.6988004742, average time: 1.63959895504                                                                           
Snapshot 256000 saved, average loss: 72.8739578228, average time: 1.745508937                                                                             
Snapshot 258000 saved, average loss: 72.8713241577, average time: 1.90642518795                                                                           
Snapshot 260000 saved, average loss: 72.44744841, average time: 1.84933751702                                                                             
Snapshot 262000 saved, average loss: 72.6511972084, average time: 1.81608302701                                                                           
Snapshot 264000 saved, average loss: 72.8850073605, average time: 1.72107546103                                                                           
Snapshot 266000 saved, average loss: 73.0141785526, average time: 1.82003772604                                                                           
Snapshot 268000 saved, average loss: 72.8540380573, average time: 1.82926005197                                                                           
Snapshot 270000 saved, average loss: 72.7924389534, average time: 1.95259346402                                                                           
Snapshot 272000 saved, average loss: 72.9088990135, average time: 1.71527857244                                                                           
Snapshot 274000 saved, average loss: 72.9252922764, average time: 1.63438058996                                                                           
Snapshot 276000 saved, average loss: 72.7791516514, average time: 1.65848598957                                                                           
Snapshot 278000 saved, average loss: 72.9282317104, average time: 1.71307428193                                                                           
Snapshot 280000 saved, average loss: 72.5913598557, average time: 1.66860645354                                                                           
Snapshot 282000 saved, average loss: 72.7164218826, average time: 1.71684809256                                                                           
Snapshot 284000 saved, average loss: 72.7737754574, average time: 1.67641230798                                                                           
Snapshot 286000 saved, average loss: 72.7271891823, average time: 1.79454485595                                                                           
Snapshot 288000 saved, average loss: 72.6946905441, average time: 1.55209722209                                                                           
Snapshot 290000 saved, average loss: 72.984137022, average time: 1.65494234645                                                                            
Snapshot 292000 saved, average loss: 72.713103405, average time: 1.62525703895                                                                            
Snapshot 294000 saved, average loss: 72.423569479, average time: 1.69787341857                                                                            
Snapshot 296000 saved, average loss: 72.388960783, average time: 1.76569167602

Snapshot 298000 saved, average loss: 72.2759368687, average time: 1.73324287093                                                                           
Snapshot 300000 saved, average loss: 72.7751602135, average time: 1.66402106655                                                                           
Snapshot 302000 saved, average loss: 72.6225764313, average time: 1.69087582946                                                                           
Snapshot 304000 saved, average loss: 72.507325058, average time: 1.61684459257                                                                            
Snapshot 306000 saved, average loss: 72.3307721157, average time: 1.60420054996                                                                           
Snapshot 308000 saved, average loss: 72.7326803741, average time: 1.68261239445                                                                           
Snapshot 310000 saved, average loss: 72.6346387959, average time: 1.65789159799                                                                           
Snapshot 312000 saved, average loss: 72.6023381519, average time: 1.72438899159                                                                           
Snapshot 314000 saved, average loss: 72.394377512, average time: 1.69141066194                                                                            
Snapshot 316000 saved, average loss: 72.5533667221, average time: 1.66501252902                                                                           
Snapshot 318000 saved, average loss: 72.7681730404, average time: 1.68540454602                                                                           
Snapshot 320000 saved, average loss: 72.4038475552, average time: 1.66747716546                                                                           
Snapshot 322000 saved, average loss: 72.361870121, average time: 1.59199272346                                                                            
Snapshot 324000 saved, average loss: 72.2586846619, average time: 1.67280320251                                                                           
Snapshot 326000 saved, average loss: 72.4081431866, average time: 1.61226709557                                                                           
Snapshot 328000 saved, average loss: 72.5194304943, average time: 1.59516258943                                                                           
Snapshot 330000 saved, average loss: 72.331503294, average time: 1.59755556202                                                                            
Snapshot 332000 saved, average loss: 72.2504366627, average time: 1.65598130751                                                                           
Snapshot 334000 saved, average loss: 72.5834045372, average time: 1.6418066045                                                                            
Snapshot 336000 saved, average loss: 72.1876856308, average time: 1.73056441903                                                                           
Snapshot 338000 saved, average loss: 72.2697504654, average time: 1.64865959096                                                                           
Snapshot 340000 saved, average loss: 72.1475813351, average time: 1.72629880857                                                                           
Snapshot 342000 saved, average loss: 72.33022188, average time: 1.80131887293                                                                             
Snapshot 344000 saved, average loss: 72.4705659904, average time: 1.68311053252                                                                           
Snapshot 346000 saved, average loss: 72.1713749638, average time: 1.68110362399                                                                           
Snapshot 348000 saved, average loss: 72.4545885696, average time: 1.645169258                                                                             
Snapshot 350000 saved, average loss: 72.2419897785, average time: 1.68637271249                                                                           
Snapshot 352000 saved, average loss: 72.3287544632, average time: 1.65684896553                                                                           
Snapshot 354000 saved, average loss: 72.1157190266, average time: 1.60019275701                                                                           
Snapshot 356000 saved, average loss: 72.4239818954, average time: 1.64786646843

Snapshot 358000 saved, average loss: 72.3083961067, average time: 1.70707666111                                                                           
Snapshot 360000 saved, average loss: 72.2972043934, average time: 1.7120751785                                                                            
Snapshot 362000 saved, average loss: 72.3533760014, average time: 1.64825176394                                                                           
Snapshot 364000 saved, average loss: 72.3457889118, average time: 1.67471507251                                                                           
Snapshot 366000 saved, average loss: 72.58042593, average time: 1.63222550404                                                                             
Snapshot 368000 saved, average loss: 72.1925059738, average time: 1.62234586442                                                                           
Snapshot 370000 saved, average loss: 72.3386113911, average time: 1.64628953958                                                                           
Snapshot 372000 saved, average loss: 72.0999328327, average time: 1.66725269246                                                                           
Snapshot 374000 saved, average loss: 72.0420214863, average time: 1.75388793004                                                                           
Snapshot 376000 saved, average loss: 72.2434426117, average time: 1.71582599342                                                                           
Snapshot 378000 saved, average loss: 72.3483955383, average time: 1.69391528857                                                                           
Snapshot 380000 saved, average loss: 72.3416529388, average time: 1.66183547497                                                                           
Snapshot 382000 saved, average loss: 72.0440825405, average time: 1.73078575003                                                                           
Snapshot 384000 saved, average loss: 72.0525502434, average time: 1.64135875297                                                                           
Snapshot 386000 saved, average loss: 72.1390669403, average time: 1.69974204803                                                                           
Snapshot 388000 saved, average loss: 71.9341756783, average time: 1.67763487399                                                                           
Snapshot 390000 saved, average loss: 72.3192551212, average time: 1.62632833648                                                                           
Snapshot 392000 saved, average loss: 72.0560237713, average time: 1.69125778103                                                                           
Snapshot 394000 saved, average loss: 72.4320485954, average time: 1.6634805665                                                                            
Snapshot 396000 saved, average loss: 72.2132747669, average time: 1.67495269752                                                                           
Snapshot 398000 saved, average loss: 72.0806120281, average time: 1.67103682101                                                                           
Snapshot 400000 saved, average loss: 71.9751161556, average time: 1.62588949943                                                                           
Snapshot 402000 saved, average loss: 70.9352895031, average time: 1.62874306059                                                                           
Snapshot 404000 saved, average loss: 70.120252182, average time: 1.74910676849                                                                            
Snapshot 406000 saved, average loss: 69.9882045765, average time: 1.70308304441                                                                           
Snapshot 408000 saved, average loss: 69.9025264893, average time: 1.7766143316                                                                            
Snapshot 410000 saved, average loss: 70.1244709072, average time: 1.7024738754                                                                            
Snapshot 412000 saved, average loss: 69.8679195995, average time: 1.58590480649                                                                           
Snapshot 414000 saved, average loss: 69.9405917473, average time: 1.71480961359
